<?xml version="1.0" encoding="UTF-8"?>
<!-- Generated by org.testng.reporters.JUnitReportReporter -->
<testsuite hostname="DESKTOP-ACCNH3K" failures="0" tests="1" name="com.tutorialninja.testcases.CheckOut_ValidProduct_Test" time="11.387" errors="0" timestamp="2023-11-15T13:28:42 EST" skipped="0">
  <testcase classname="com.tutorialninja.testcases.CheckOut_ValidProduct_Test" name="addAValidProductAndCheckOut" time="11.387"/>
</testsuite> <!-- com.tutorialninja.testcases.CheckOut_ValidProduct_Test -->
