<?xml version="1.0" encoding="UTF-8"?>
<!-- Generated by org.testng.reporters.JUnitReportReporter -->
<testsuite hostname="DESKTOP-ACCNH3K" failures="0" tests="4" name="com.tutorialninja.testcases.Register_Test" time="36.730" errors="0" timestamp="2023-11-15T13:28:42 EST" skipped="0">
  <testcase classname="com.tutorialninja.testcases.Register_Test" name="registerAccountWithRequiredFields" time="6.144"/>
  <testcase classname="com.tutorialninja.testcases.Register_Test" name="registerAccountWithAllFields" time="5.652"/>
  <testcase classname="com.tutorialninja.testcases.Register_Test" name="registerAccountWithNoFields" time="5.203"/>
  <testcase classname="com.tutorialninja.testcases.Register_Test" name="verifyRegisterWithDuplicateUserName" time="19.731"/>
</testsuite> <!-- com.tutorialninja.testcases.Register_Test -->
