<?xml version="1.0" encoding="UTF-8"?>
<!-- Generated by org.testng.reporters.JUnitReportReporter -->
<testsuite hostname="DESKTOP-ACCNH3K" failures="0" tests="3" name="com.tutorialninja.testcases.SearchTest" time="13.093" errors="0" timestamp="2023-11-15T13:28:42 EST" skipped="0">
  <testcase classname="com.tutorialninja.testcases.SearchTest" name="searchProductWithValidProduct" time="4.428"/>
  <testcase classname="com.tutorialninja.testcases.SearchTest" name="verifySearchWithInvalidProduct" time="4.424"/>
  <testcase classname="com.tutorialninja.testcases.SearchTest" name="verifySearchWithNoProduct" time="4.241"/>
</testsuite> <!-- com.tutorialninja.testcases.SearchTest -->
